1 1
2 2
3 1
4 3
5 3
6 4
7 4
1 1
2 2
3 1
4 3
5 2
6 3
7 3
1 1
2 2
3 1
4 2
1 1
2 2
3 1
4 3
5 4
6 3
7 4
1 1
2 2
3 1
4 2
5 3
6 3
7 3
1 1
2 1
3 2
4 2
1 1
2 2
3 3
4 3
5 2
6 4
7 4
1 1
2 2
3 1
4 3
5 3
6 3
7 3
1 1
2 2
3 1
4 2
1 1
2 2
3 1
4 3
5 3
6 4
7 4
1 1
2 2
3 1
4 3
5 2
6 3
7 3
1 1
2 2
3 1
4 2
1 1
2 2
3 1
4 3
5 2
6 3
7 4
1 1
2 2
3 1
4 3
5 3
6 3
7 3
1 1
2 2
3 1
4 2
1 1
2 2
3 1
4 3
5 4
6 3
7 4
1 1
2 2
3 1
4 1
5 2
6 3
7 3
1 1
2 2
3 1
4 2
1 1
2 2
3 1
4 3
5 2
6 3
7 4
1 1
2 2
3 1
4 1
5 2
6 3
7 3
1 1
2 1
3 2
4 2
1 1
2 2
3 1
4 3
5 2
6 3
7 4
1 1
2 2
3 1
4 1
5 2
6 3
7 3
1 1
2 1
3 2
4 2
1 1
2 2
3 1
4 3
5 2
6 3
7 4
1 1
2 2
3 1
4 2
5 3
6 3
7 3
1 1
2 2
3 1
4 2
1 1
2 2
3 1
4 3
5 2
6 3
7 4
1 1
2 2
3 1
4 3
5 3
6 3
7 3
1 1
2 1
3 2
4 2
1 1
2 2
3 1
4 3
5 2
6 3
7 4
1 1
2 2
3 1
4 2
5 3
6 3
7 3
1 1
2 2
3 1
4 2
1 1
2 2
3 1
4 3
5 3
6 4
7 4
1 1
2 2
3 1
4 3
5 2
6 3
7 3
1 1
2 2
3 1
4 2
1 1
2 2
3 1
4 3
5 4
6 3
7 4
1 1
2 2
3 3
4 2
5 3
6 3
7 4
1 1
2 2
3 1
4 2
1 1
2 2
3 1
4 3
5 2
6 3
7 4
1 1
2 2
3 1
4 2
5 3
6 3
7 3
1 1
2 2
3 1
4 2
1 1
2 2
3 1
4 3
5 2
6 3
7 4
1 1
2 2
3 1
4 1
5 2
6 3
7 3
1 1
2 2
3 1
4 2
1 1
2 2
3 1
4 3
5 2
6 3
7 4
1 1
2 2
3 1
4 2
5 2
6 3
7 3
1 1
2 1
3 2
4 2
1 1
2 2
3 1
4 3
5 3
6 4
7 4
1 1
2 2
3 1
4 1
5 2
6 3
7 3
1 1
2 2
3 1
4 2
